execve("./hack_app", ["./hack_app"], 0x7ffd436f2d98 /* 87 vars */) = 0
access("/etc/ld.so.preload", R_OK)      = -1 ENOENT (No such file or directory)
openat(AT_FDCWD, "/tmp/.mount_CursorTXdhYA/usr/lib/glibc-hwcaps/x86-64-v3/libcrypto.so.1.1", O_RDONLY|O_CLOEXEC) = -1 ENOENT (No such file or directory)
newfstatat(AT_FDCWD, "/tmp/.mount_CursorTXdhYA/usr/lib/glibc-hwcaps/x86-64-v3", 0x7ffe22713b60, 0) = -1 ENOENT (No such file or directory)
openat(AT_FDCWD, "/tmp/.mount_CursorTXdhYA/usr/lib/glibc-hwcaps/x86-64-v2/libcrypto.so.1.1", O_RDONLY|O_CLOEXEC) = -1 ENOENT (No such file or directory)
newfstatat(AT_FDCWD, "/tmp/.mount_CursorTXdhYA/usr/lib/glibc-hwcaps/x86-64-v2", 0x7ffe22713b60, 0) = -1 ENOENT (No such file or directory)
openat(AT_FDCWD, "/tmp/.mount_CursorTXdhYA/usr/lib/tls/x86_64/x86_64/libcrypto.so.1.1", O_RDONLY|O_CLOEXEC) = -1 ENOENT (No such file or directory)
newfstatat(AT_FDCWD, "/tmp/.mount_CursorTXdhYA/usr/lib/tls/x86_64/x86_64", 0x7ffe22713b60, 0) = -1 ENOENT (No such file or directory)
openat(AT_FDCWD, "/tmp/.mount_CursorTXdhYA/usr/lib/tls/x86_64/libcrypto.so.1.1", O_RDONLY|O_CLOEXEC) = -1 ENOENT (No such file or directory)
newfstatat(AT_FDCWD, "/tmp/.mount_CursorTXdhYA/usr/lib/tls/x86_64", 0x7ffe22713b60, 0) = -1 ENOENT (No such file or directory)
openat(AT_FDCWD, "/tmp/.mount_CursorTXdhYA/usr/lib/tls/x86_64/libcrypto.so.1.1", O_RDONLY|O_CLOEXEC) = -1 ENOENT (No such file or directory)
newfstatat(AT_FDCWD, "/tmp/.mount_CursorTXdhYA/usr/lib/tls/x86_64", 0x7ffe22713b60, 0) = -1 ENOENT (No such file or directory)
openat(AT_FDCWD, "/tmp/.mount_CursorTXdhYA/usr/lib/tls/libcrypto.so.1.1", O_RDONLY|O_CLOEXEC) = -1 ENOENT (No such file or directory)
newfstatat(AT_FDCWD, "/tmp/.mount_CursorTXdhYA/usr/lib/tls", 0x7ffe22713b60, 0) = -1 ENOENT (No such file or directory)
openat(AT_FDCWD, "/tmp/.mount_CursorTXdhYA/usr/lib/x86_64/x86_64/libcrypto.so.1.1", O_RDONLY|O_CLOEXEC) = -1 ENOENT (No such file or directory)
newfstatat(AT_FDCWD, "/tmp/.mount_CursorTXdhYA/usr/lib/x86_64/x86_64", 0x7ffe22713b60, 0) = -1 ENOENT (No such file or directory)
openat(AT_FDCWD, "/tmp/.mount_CursorTXdhYA/usr/lib/x86_64/libcrypto.so.1.1", O_RDONLY|O_CLOEXEC) = -1 ENOENT (No such file or directory)
newfstatat(AT_FDCWD, "/tmp/.mount_CursorTXdhYA/usr/lib/x86_64", 0x7ffe22713b60, 0) = -1 ENOENT (No such file or directory)
openat(AT_FDCWD, "/tmp/.mount_CursorTXdhYA/usr/lib/x86_64/libcrypto.so.1.1", O_RDONLY|O_CLOEXEC) = -1 ENOENT (No such file or directory)
newfstatat(AT_FDCWD, "/tmp/.mount_CursorTXdhYA/usr/lib/x86_64", 0x7ffe22713b60, 0) = -1 ENOENT (No such file or directory)
openat(AT_FDCWD, "/tmp/.mount_CursorTXdhYA/usr/lib/libcrypto.so.1.1", O_RDONLY|O_CLOEXEC) = -1 ENOENT (No such file or directory)
newfstatat(AT_FDCWD, "/tmp/.mount_CursorTXdhYA/usr/lib", {st_mode=S_IFDIR|0755, st_size=0, ...}, 0) = 0
openat(AT_FDCWD, "/tmp/.mount_CursorTXdhYA/usr/lib32/glibc-hwcaps/x86-64-v3/libcrypto.so.1.1", O_RDONLY|O_CLOEXEC) = -1 ENOENT (No such file or directory)
newfstatat(AT_FDCWD, "/tmp/.mount_CursorTXdhYA/usr/lib32/glibc-hwcaps/x86-64-v3", 0x7ffe22713b60, 0) = -1 ENOENT (No such file or directory)
openat(AT_FDCWD, "/tmp/.mount_CursorTXdhYA/usr/lib32/glibc-hwcaps/x86-64-v2/libcrypto.so.1.1", O_RDONLY|O_CLOEXEC) = -1 ENOENT (No such file or directory)
newfstatat(AT_FDCWD, "/tmp/.mount_CursorTXdhYA/usr/lib32/glibc-hwcaps/x86-64-v2", 0x7ffe22713b60, 0) = -1 ENOENT (No such file or directory)
openat(AT_FDCWD, "/tmp/.mount_CursorTXdhYA/usr/lib32/tls/x86_64/x86_64/libcrypto.so.1.1", O_RDONLY|O_CLOEXEC) = -1 ENOENT (No such file or directory)
newfstatat(AT_FDCWD, "/tmp/.mount_CursorTXdhYA/usr/lib32/tls/x86_64/x86_64", 0x7ffe22713b60, 0) = -1 ENOENT (No such file or directory)
openat(AT_FDCWD, "/tmp/.mount_CursorTXdhYA/usr/lib32/tls/x86_64/libcrypto.so.1.1", O_RDONLY|O_CLOEXEC) = -1 ENOENT (No such file or directory)
newfstatat(AT_FDCWD, "/tmp/.mount_CursorTXdhYA/usr/lib32/tls/x86_64", 0x7ffe22713b60, 0) = -1 ENOENT (No such file or directory)
openat(AT_FDCWD, "/tmp/.mount_CursorTXdhYA/usr/lib32/tls/x86_64/libcrypto.so.1.1", O_RDONLY|O_CLOEXEC) = -1 ENOENT (No such file or directory)
newfstatat(AT_FDCWD, "/tmp/.mount_CursorTXdhYA/usr/lib32/tls/x86_64", 0x7ffe22713b60, 0) = -1 ENOENT (No such file or directory)
openat(AT_FDCWD, "/tmp/.mount_CursorTXdhYA/usr/lib32/tls/libcrypto.so.1.1", O_RDONLY|O_CLOEXEC) = -1 ENOENT (No such file or directory)
newfstatat(AT_FDCWD, "/tmp/.mount_CursorTXdhYA/usr/lib32/tls", 0x7ffe22713b60, 0) = -1 ENOENT (No such file or directory)
openat(AT_FDCWD, "/tmp/.mount_CursorTXdhYA/usr/lib32/x86_64/x86_64/libcrypto.so.1.1", O_RDONLY|O_CLOEXEC) = -1 ENOENT (No such file or directory)
newfstatat(AT_FDCWD, "/tmp/.mount_CursorTXdhYA/usr/lib32/x86_64/x86_64", 0x7ffe22713b60, 0) = -1 ENOENT (No such file or directory)
openat(AT_FDCWD, "/tmp/.mount_CursorTXdhYA/usr/lib32/x86_64/libcrypto.so.1.1", O_RDONLY|O_CLOEXEC) = -1 ENOENT (No such file or directory)
newfstatat(AT_FDCWD, "/tmp/.mount_CursorTXdhYA/usr/lib32/x86_64", 0x7ffe22713b60, 0) = -1 ENOENT (No such file or directory)
openat(AT_FDCWD, "/tmp/.mount_CursorTXdhYA/usr/lib32/x86_64/libcrypto.so.1.1", O_RDONLY|O_CLOEXEC) = -1 ENOENT (No such file or directory)
newfstatat(AT_FDCWD, "/tmp/.mount_CursorTXdhYA/usr/lib32/x86_64", 0x7ffe22713b60, 0) = -1 ENOENT (No such file or directory)
openat(AT_FDCWD, "/tmp/.mount_CursorTXdhYA/usr/lib32/libcrypto.so.1.1", O_RDONLY|O_CLOEXEC) = -1 ENOENT (No such file or directory)
newfstatat(AT_FDCWD, "/tmp/.mount_CursorTXdhYA/usr/lib32", 0x7ffe22713b60, 0) = -1 ENOENT (No such file or directory)
openat(AT_FDCWD, "/tmp/.mount_CursorTXdhYA/usr/lib64/glibc-hwcaps/x86-64-v3/libcrypto.so.1.1", O_RDONLY|O_CLOEXEC) = -1 ENOENT (No such file or directory)
newfstatat(AT_FDCWD, "/tmp/.mount_CursorTXdhYA/usr/lib64/glibc-hwcaps/x86-64-v3", 0x7ffe22713b60, 0) = -1 ENOENT (No such file or directory)
openat(AT_FDCWD, "/tmp/.mount_CursorTXdhYA/usr/lib64/glibc-hwcaps/x86-64-v2/libcrypto.so.1.1", O_RDONLY|O_CLOEXEC) = -1 ENOENT (No such file or directory)
newfstatat(AT_FDCWD, "/tmp/.mount_CursorTXdhYA/usr/lib64/glibc-hwcaps/x86-64-v2", 0x7ffe22713b60, 0) = -1 ENOENT (No such file or directory)
openat(AT_FDCWD, "/tmp/.mount_CursorTXdhYA/usr/lib64/tls/x86_64/x86_64/libcrypto.so.1.1", O_RDONLY|O_CLOEXEC) = -1 ENOENT (No such file or directory)
newfstatat(AT_FDCWD, "/tmp/.mount_CursorTXdhYA/usr/lib64/tls/x86_64/x86_64", 0x7ffe22713b60, 0) = -1 ENOENT (No such file or directory)
openat(AT_FDCWD, "/tmp/.mount_CursorTXdhYA/usr/lib64/tls/x86_64/libcrypto.so.1.1", O_RDONLY|O_CLOEXEC) = -1 ENOENT (No such file or directory)
newfstatat(AT_FDCWD, "/tmp/.mount_CursorTXdhYA/usr/lib64/tls/x86_64", 0x7ffe22713b60, 0) = -1 ENOENT (No such file or directory)
openat(AT_FDCWD, "/tmp/.mount_CursorTXdhYA/usr/lib64/tls/x86_64/libcrypto.so.1.1", O_RDONLY|O_CLOEXEC) = -1 ENOENT (No such file or directory)
newfstatat(AT_FDCWD, "/tmp/.mount_CursorTXdhYA/usr/lib64/tls/x86_64", 0x7ffe22713b60, 0) = -1 ENOENT (No such file or directory)
openat(AT_FDCWD, "/tmp/.mount_CursorTXdhYA/usr/lib64/tls/libcrypto.so.1.1", O_RDONLY|O_CLOEXEC) = -1 ENOENT (No such file or directory)
newfstatat(AT_FDCWD, "/tmp/.mount_CursorTXdhYA/usr/lib64/tls", 0x7ffe22713b60, 0) = -1 ENOENT (No such file or directory)
openat(AT_FDCWD, "/tmp/.mount_CursorTXdhYA/usr/lib64/x86_64/x86_64/libcrypto.so.1.1", O_RDONLY|O_CLOEXEC) = -1 ENOENT (No such file or directory)
newfstatat(AT_FDCWD, "/tmp/.mount_CursorTXdhYA/usr/lib64/x86_64/x86_64", 0x7ffe22713b60, 0) = -1 ENOENT (No such file or directory)
openat(AT_FDCWD, "/tmp/.mount_CursorTXdhYA/usr/lib64/x86_64/libcrypto.so.1.1", O_RDONLY|O_CLOEXEC) = -1 ENOENT (No such file or directory)
newfstatat(AT_FDCWD, "/tmp/.mount_CursorTXdhYA/usr/lib64/x86_64", 0x7ffe22713b60, 0) = -1 ENOENT (No such file or directory)
openat(AT_FDCWD, "/tmp/.mount_CursorTXdhYA/usr/lib64/x86_64/libcrypto.so.1.1", O_RDONLY|O_CLOEXEC) = -1 ENOENT (No such file or directory)
newfstatat(AT_FDCWD, "/tmp/.mount_CursorTXdhYA/usr/lib64/x86_64", 0x7ffe22713b60, 0) = -1 ENOENT (No such file or directory)
openat(AT_FDCWD, "/tmp/.mount_CursorTXdhYA/usr/lib64/libcrypto.so.1.1", O_RDONLY|O_CLOEXEC) = -1 ENOENT (No such file or directory)
newfstatat(AT_FDCWD, "/tmp/.mount_CursorTXdhYA/usr/lib64", 0x7ffe22713b60, 0) = -1 ENOENT (No such file or directory)
openat(AT_FDCWD, "/tmp/.mount_CursorTXdhYA/lib/glibc-hwcaps/x86-64-v3/libcrypto.so.1.1", O_RDONLY|O_CLOEXEC) = -1 ENOENT (No such file or directory)
newfstatat(AT_FDCWD, "/tmp/.mount_CursorTXdhYA/lib/glibc-hwcaps/x86-64-v3", 0x7ffe22713b60, 0) = -1 ENOENT (No such file or directory)
openat(AT_FDCWD, "/tmp/.mount_CursorTXdhYA/lib/glibc-hwcaps/x86-64-v2/libcrypto.so.1.1", O_RDONLY|O_CLOEXEC) = -1 ENOENT (No such file or directory)
newfstatat(AT_FDCWD, "/tmp/.mount_CursorTXdhYA/lib/glibc-hwcaps/x86-64-v2", 0x7ffe22713b60, 0) = -1 ENOENT (No such file or directory)
openat(AT_FDCWD, "/tmp/.mount_CursorTXdhYA/lib/tls/x86_64/x86_64/libcrypto.so.1.1", O_RDONLY|O_CLOEXEC) = -1 ENOENT (No such file or directory)
newfstatat(AT_FDCWD, "/tmp/.mount_CursorTXdhYA/lib/tls/x86_64/x86_64", 0x7ffe22713b60, 0) = -1 ENOENT (No such file or directory)
openat(AT_FDCWD, "/tmp/.mount_CursorTXdhYA/lib/tls/x86_64/libcrypto.so.1.1", O_RDONLY|O_CLOEXEC) = -1 ENOENT (No such file or directory)
newfstatat(AT_FDCWD, "/tmp/.mount_CursorTXdhYA/lib/tls/x86_64", 0x7ffe22713b60, 0) = -1 ENOENT (No such file or directory)
openat(AT_FDCWD, "/tmp/.mount_CursorTXdhYA/lib/tls/x86_64/libcrypto.so.1.1", O_RDONLY|O_CLOEXEC) = -1 ENOENT (No such file or directory)
newfstatat(AT_FDCWD, "/tmp/.mount_CursorTXdhYA/lib/tls/x86_64", 0x7ffe22713b60, 0) = -1 ENOENT (No such file or directory)
openat(AT_FDCWD, "/tmp/.mount_CursorTXdhYA/lib/tls/libcrypto.so.1.1", O_RDONLY|O_CLOEXEC) = -1 ENOENT (No such file or directory)
newfstatat(AT_FDCWD, "/tmp/.mount_CursorTXdhYA/lib/tls", 0x7ffe22713b60, 0) = -1 ENOENT (No such file or directory)
openat(AT_FDCWD, "/tmp/.mount_CursorTXdhYA/lib/x86_64/x86_64/libcrypto.so.1.1", O_RDONLY|O_CLOEXEC) = -1 ENOENT (No such file or directory)
newfstatat(AT_FDCWD, "/tmp/.mount_CursorTXdhYA/lib/x86_64/x86_64", 0x7ffe22713b60, 0) = -1 ENOENT (No such file or directory)
openat(AT_FDCWD, "/tmp/.mount_CursorTXdhYA/lib/x86_64/libcrypto.so.1.1", O_RDONLY|O_CLOEXEC) = -1 ENOENT (No such file or directory)
newfstatat(AT_FDCWD, "/tmp/.mount_CursorTXdhYA/lib/x86_64", 0x7ffe22713b60, 0) = -1 ENOENT (No such file or directory)
openat(AT_FDCWD, "/tmp/.mount_CursorTXdhYA/lib/x86_64/libcrypto.so.1.1", O_RDONLY|O_CLOEXEC) = -1 ENOENT (No such file or directory)
newfstatat(AT_FDCWD, "/tmp/.mount_CursorTXdhYA/lib/x86_64", 0x7ffe22713b60, 0) = -1 ENOENT (No such file or directory)
openat(AT_FDCWD, "/tmp/.mount_CursorTXdhYA/lib/libcrypto.so.1.1", O_RDONLY|O_CLOEXEC) = -1 ENOENT (No such file or directory)
newfstatat(AT_FDCWD, "/tmp/.mount_CursorTXdhYA/lib", 0x7ffe22713b60, 0) = -1 ENOENT (No such file or directory)
openat(AT_FDCWD, "/tmp/.mount_CursorTXdhYA/lib/i386-linux-gnu/glibc-hwcaps/x86-64-v3/libcrypto.so.1.1", O_RDONLY|O_CLOEXEC) = -1 ENOENT (No such file or directory)
newfstatat(AT_FDCWD, "/tmp/.mount_CursorTXdhYA/lib/i386-linux-gnu/glibc-hwcaps/x86-64-v3", 0x7ffe22713b60, 0) = -1 ENOENT (No such file or directory)
openat(AT_FDCWD, "/tmp/.mount_CursorTXdhYA/lib/i386-linux-gnu/glibc-hwcaps/x86-64-v2/libcrypto.so.1.1", O_RDONLY|O_CLOEXEC) = -1 ENOENT (No such file or directory)
newfstatat(AT_FDCWD, "/tmp/.mount_CursorTXdhYA/lib/i386-linux-gnu/glibc-hwcaps/x86-64-v2", 0x7ffe22713b60, 0) = -1 ENOENT (No such file or directory)
openat(AT_FDCWD, "/tmp/.mount_CursorTXdhYA/lib/i386-linux-gnu/tls/x86_64/x86_64/libcrypto.so.1.1", O_RDONLY|O_CLOEXEC) = -1 ENOENT (No such file or directory)
newfstatat(AT_FDCWD, "/tmp/.mount_CursorTXdhYA/lib/i386-linux-gnu/tls/x86_64/x86_64", 0x7ffe22713b60, 0) = -1 ENOENT (No such file or directory)
openat(AT_FDCWD, "/tmp/.mount_CursorTXdhYA/lib/i386-linux-gnu/tls/x86_64/libcrypto.so.1.1", O_RDONLY|O_CLOEXEC) = -1 ENOENT (No such file or directory)
newfstatat(AT_FDCWD, "/tmp/.mount_CursorTXdhYA/lib/i386-linux-gnu/tls/x86_64", 0x7ffe22713b60, 0) = -1 ENOENT (No such file or directory)
openat(AT_FDCWD, "/tmp/.mount_CursorTXdhYA/lib/i386-linux-gnu/tls/x86_64/libcrypto.so.1.1", O_RDONLY|O_CLOEXEC) = -1 ENOENT (No such file or directory)
newfstatat(AT_FDCWD, "/tmp/.mount_CursorTXdhYA/lib/i386-linux-gnu/tls/x86_64", 0x7ffe22713b60, 0) = -1 ENOENT (No such file or directory)
openat(AT_FDCWD, "/tmp/.mount_CursorTXdhYA/lib/i386-linux-gnu/tls/libcrypto.so.1.1", O_RDONLY|O_CLOEXEC) = -1 ENOENT (No such file or directory)
newfstatat(AT_FDCWD, "/tmp/.mount_CursorTXdhYA/lib/i386-linux-gnu/tls", 0x7ffe22713b60, 0) = -1 ENOENT (No such file or directory)
openat(AT_FDCWD, "/tmp/.mount_CursorTXdhYA/lib/i386-linux-gnu/x86_64/x86_64/libcrypto.so.1.1", O_RDONLY|O_CLOEXEC) = -1 ENOENT (No such file or directory)
newfstatat(AT_FDCWD, "/tmp/.mount_CursorTXdhYA/lib/i386-linux-gnu/x86_64/x86_64", 0x7ffe22713b60, 0) = -1 ENOENT (No such file or directory)
openat(AT_FDCWD, "/tmp/.mount_CursorTXdhYA/lib/i386-linux-gnu/x86_64/libcrypto.so.1.1", O_RDONLY|O_CLOEXEC) = -1 ENOENT (No such file or directory)
newfstatat(AT_FDCWD, "/tmp/.mount_CursorTXdhYA/lib/i386-linux-gnu/x86_64", 0x7ffe22713b60, 0) = -1 ENOENT (No such file or directory)
openat(AT_FDCWD, "/tmp/.mount_CursorTXdhYA/lib/i386-linux-gnu/x86_64/libcrypto.so.1.1", O_RDONLY|O_CLOEXEC) = -1 ENOENT (No such file or directory)
newfstatat(AT_FDCWD, "/tmp/.mount_CursorTXdhYA/lib/i386-linux-gnu/x86_64", 0x7ffe22713b60, 0) = -1 ENOENT (No such file or directory)
openat(AT_FDCWD, "/tmp/.mount_CursorTXdhYA/lib/i386-linux-gnu/libcrypto.so.1.1", O_RDONLY|O_CLOEXEC) = -1 ENOENT (No such file or directory)
newfstatat(AT_FDCWD, "/tmp/.mount_CursorTXdhYA/lib/i386-linux-gnu", 0x7ffe22713b60, 0) = -1 ENOENT (No such file or directory)
openat(AT_FDCWD, "/tmp/.mount_CursorTXdhYA/lib/x86_64-linux-gnu/glibc-hwcaps/x86-64-v3/libcrypto.so.1.1", O_RDONLY|O_CLOEXEC) = -1 ENOENT (No such file or directory)
newfstatat(AT_FDCWD, "/tmp/.mount_CursorTXdhYA/lib/x86_64-linux-gnu/glibc-hwcaps/x86-64-v3", 0x7ffe22713b60, 0) = -1 ENOENT (No such file or directory)
openat(AT_FDCWD, "/tmp/.mount_CursorTXdhYA/lib/x86_64-linux-gnu/glibc-hwcaps/x86-64-v2/libcrypto.so.1.1", O_RDONLY|O_CLOEXEC) = -1 ENOENT (No such file or directory)
newfstatat(AT_FDCWD, "/tmp/.mount_CursorTXdhYA/lib/x86_64-linux-gnu/glibc-hwcaps/x86-64-v2", 0x7ffe22713b60, 0) = -1 ENOENT (No such file or directory)
openat(AT_FDCWD, "/tmp/.mount_CursorTXdhYA/lib/x86_64-linux-gnu/tls/x86_64/x86_64/libcrypto.so.1.1", O_RDONLY|O_CLOEXEC) = -1 ENOENT (No such file or directory)
newfstatat(AT_FDCWD, "/tmp/.mount_CursorTXdhYA/lib/x86_64-linux-gnu/tls/x86_64/x86_64", 0x7ffe22713b60, 0) = -1 ENOENT (No such file or directory)
openat(AT_FDCWD, "/tmp/.mount_CursorTXdhYA/lib/x86_64-linux-gnu/tls/x86_64/libcrypto.so.1.1", O_RDONLY|O_CLOEXEC) = -1 ENOENT (No such file or directory)
newfstatat(AT_FDCWD, "/tmp/.mount_CursorTXdhYA/lib/x86_64-linux-gnu/tls/x86_64", 0x7ffe22713b60, 0) = -1 ENOENT (No such file or directory)
openat(AT_FDCWD, "/tmp/.mount_CursorTXdhYA/lib/x86_64-linux-gnu/tls/x86_64/libcrypto.so.1.1", O_RDONLY|O_CLOEXEC) = -1 ENOENT (No such file or directory)
newfstatat(AT_FDCWD, "/tmp/.mount_CursorTXdhYA/lib/x86_64-linux-gnu/tls/x86_64", 0x7ffe22713b60, 0) = -1 ENOENT (No such file or directory)
openat(AT_FDCWD, "/tmp/.mount_CursorTXdhYA/lib/x86_64-linux-gnu/tls/libcrypto.so.1.1", O_RDONLY|O_CLOEXEC) = -1 ENOENT (No such file or directory)
newfstatat(AT_FDCWD, "/tmp/.mount_CursorTXdhYA/lib/x86_64-linux-gnu/tls", 0x7ffe22713b60, 0) = -1 ENOENT (No such file or directory)
openat(AT_FDCWD, "/tmp/.mount_CursorTXdhYA/lib/x86_64-linux-gnu/x86_64/x86_64/libcrypto.so.1.1", O_RDONLY|O_CLOEXEC) = -1 ENOENT (No such file or directory)
newfstatat(AT_FDCWD, "/tmp/.mount_CursorTXdhYA/lib/x86_64-linux-gnu/x86_64/x86_64", 0x7ffe22713b60, 0) = -1 ENOENT (No such file or directory)
openat(AT_FDCWD, "/tmp/.mount_CursorTXdhYA/lib/x86_64-linux-gnu/x86_64/libcrypto.so.1.1", O_RDONLY|O_CLOEXEC) = -1 ENOENT (No such file or directory)
newfstatat(AT_FDCWD, "/tmp/.mount_CursorTXdhYA/lib/x86_64-linux-gnu/x86_64", 0x7ffe22713b60, 0) = -1 ENOENT (No such file or directory)
openat(AT_FDCWD, "/tmp/.mount_CursorTXdhYA/lib/x86_64-linux-gnu/x86_64/libcrypto.so.1.1", O_RDONLY|O_CLOEXEC) = -1 ENOENT (No such file or directory)
newfstatat(AT_FDCWD, "/tmp/.mount_CursorTXdhYA/lib/x86_64-linux-gnu/x86_64", 0x7ffe22713b60, 0) = -1 ENOENT (No such file or directory)
openat(AT_FDCWD, "/tmp/.mount_CursorTXdhYA/lib/x86_64-linux-gnu/libcrypto.so.1.1", O_RDONLY|O_CLOEXEC) = -1 ENOENT (No such file or directory)
newfstatat(AT_FDCWD, "/tmp/.mount_CursorTXdhYA/lib/x86_64-linux-gnu", 0x7ffe22713b60, 0) = -1 ENOENT (No such file or directory)
openat(AT_FDCWD, "/tmp/.mount_CursorTXdhYA/lib/aarch64-linux-gnu/glibc-hwcaps/x86-64-v3/libcrypto.so.1.1", O_RDONLY|O_CLOEXEC) = -1 ENOENT (No such file or directory)
newfstatat(AT_FDCWD, "/tmp/.mount_CursorTXdhYA/lib/aarch64-linux-gnu/glibc-hwcaps/x86-64-v3", 0x7ffe22713b60, 0) = -1 ENOENT (No such file or directory)
openat(AT_FDCWD, "/tmp/.mount_CursorTXdhYA/lib/aarch64-linux-gnu/glibc-hwcaps/x86-64-v2/libcrypto.so.1.1", O_RDONLY|O_CLOEXEC) = -1 ENOENT (No such file or directory)
newfstatat(AT_FDCWD, "/tmp/.mount_CursorTXdhYA/lib/aarch64-linux-gnu/glibc-hwcaps/x86-64-v2", 0x7ffe22713b60, 0) = -1 ENOENT (No such file or directory)
openat(AT_FDCWD, "/tmp/.mount_CursorTXdhYA/lib/aarch64-linux-gnu/tls/x86_64/x86_64/libcrypto.so.1.1", O_RDONLY|O_CLOEXEC) = -1 ENOENT (No such file or directory)
newfstatat(AT_FDCWD, "/tmp/.mount_CursorTXdhYA/lib/aarch64-linux-gnu/tls/x86_64/x86_64", 0x7ffe22713b60, 0) = -1 ENOENT (No such file or directory)
openat(AT_FDCWD, "/tmp/.mount_CursorTXdhYA/lib/aarch64-linux-gnu/tls/x86_64/libcrypto.so.1.1", O_RDONLY|O_CLOEXEC) = -1 ENOENT (No such file or directory)
newfstatat(AT_FDCWD, "/tmp/.mount_CursorTXdhYA/lib/aarch64-linux-gnu/tls/x86_64", 0x7ffe22713b60, 0) = -1 ENOENT (No such file or directory)
openat(AT_FDCWD, "/tmp/.mount_CursorTXdhYA/lib/aarch64-linux-gnu/tls/x86_64/libcrypto.so.1.1", O_RDONLY|O_CLOEXEC) = -1 ENOENT (No such file or directory)
newfstatat(AT_FDCWD, "/tmp/.mount_CursorTXdhYA/lib/aarch64-linux-gnu/tls/x86_64", 0x7ffe22713b60, 0) = -1 ENOENT (No such file or directory)
openat(AT_FDCWD, "/tmp/.mount_CursorTXdhYA/lib/aarch64-linux-gnu/tls/libcrypto.so.1.1", O_RDONLY|O_CLOEXEC) = -1 ENOENT (No such file or directory)
newfstatat(AT_FDCWD, "/tmp/.mount_CursorTXdhYA/lib/aarch64-linux-gnu/tls", 0x7ffe22713b60, 0) = -1 ENOENT (No such file or directory)
openat(AT_FDCWD, "/tmp/.mount_CursorTXdhYA/lib/aarch64-linux-gnu/x86_64/x86_64/libcrypto.so.1.1", O_RDONLY|O_CLOEXEC) = -1 ENOENT (No such file or directory)
newfstatat(AT_FDCWD, "/tmp/.mount_CursorTXdhYA/lib/aarch64-linux-gnu/x86_64/x86_64", 0x7ffe22713b60, 0) = -1 ENOENT (No such file or directory)
openat(AT_FDCWD, "/tmp/.mount_CursorTXdhYA/lib/aarch64-linux-gnu/x86_64/libcrypto.so.1.1", O_RDONLY|O_CLOEXEC) = -1 ENOENT (No such file or directory)
newfstatat(AT_FDCWD, "/tmp/.mount_CursorTXdhYA/lib/aarch64-linux-gnu/x86_64", 0x7ffe22713b60, 0) = -1 ENOENT (No such file or directory)
openat(AT_FDCWD, "/tmp/.mount_CursorTXdhYA/lib/aarch64-linux-gnu/x86_64/libcrypto.so.1.1", O_RDONLY|O_CLOEXEC) = -1 ENOENT (No such file or directory)
newfstatat(AT_FDCWD, "/tmp/.mount_CursorTXdhYA/lib/aarch64-linux-gnu/x86_64", 0x7ffe22713b60, 0) = -1 ENOENT (No such file or directory)
openat(AT_FDCWD, "/tmp/.mount_CursorTXdhYA/lib/aarch64-linux-gnu/libcrypto.so.1.1", O_RDONLY|O_CLOEXEC) = -1 ENOENT (No such file or directory)
newfstatat(AT_FDCWD, "/tmp/.mount_CursorTXdhYA/lib/aarch64-linux-gnu", 0x7ffe22713b60, 0) = -1 ENOENT (No such file or directory)
openat(AT_FDCWD, "/tmp/.mount_CursorTXdhYA/lib32/glibc-hwcaps/x86-64-v3/libcrypto.so.1.1", O_RDONLY|O_CLOEXEC) = -1 ENOENT (No such file or directory)
newfstatat(AT_FDCWD, "/tmp/.mount_CursorTXdhYA/lib32/glibc-hwcaps/x86-64-v3", 0x7ffe22713b60, 0) = -1 ENOENT (No such file or directory)
openat(AT_FDCWD, "/tmp/.mount_CursorTXdhYA/lib32/glibc-hwcaps/x86-64-v2/libcrypto.so.1.1", O_RDONLY|O_CLOEXEC) = -1 ENOENT (No such file or directory)
newfstatat(AT_FDCWD, "/tmp/.mount_CursorTXdhYA/lib32/glibc-hwcaps/x86-64-v2", 0x7ffe22713b60, 0) = -1 ENOENT (No such file or directory)
openat(AT_FDCWD, "/tmp/.mount_CursorTXdhYA/lib32/tls/x86_64/x86_64/libcrypto.so.1.1", O_RDONLY|O_CLOEXEC) = -1 ENOENT (No such file or directory)
newfstatat(AT_FDCWD, "/tmp/.mount_CursorTXdhYA/lib32/tls/x86_64/x86_64", 0x7ffe22713b60, 0) = -1 ENOENT (No such file or directory)
openat(AT_FDCWD, "/tmp/.mount_CursorTXdhYA/lib32/tls/x86_64/libcrypto.so.1.1", O_RDONLY|O_CLOEXEC) = -1 ENOENT (No such file or directory)
newfstatat(AT_FDCWD, "/tmp/.mount_CursorTXdhYA/lib32/tls/x86_64", 0x7ffe22713b60, 0) = -1 ENOENT (No such file or directory)
openat(AT_FDCWD, "/tmp/.mount_CursorTXdhYA/lib32/tls/x86_64/libcrypto.so.1.1", O_RDONLY|O_CLOEXEC) = -1 ENOENT (No such file or directory)
newfstatat(AT_FDCWD, "/tmp/.mount_CursorTXdhYA/lib32/tls/x86_64", 0x7ffe22713b60, 0) = -1 ENOENT (No such file or directory)
openat(AT_FDCWD, "/tmp/.mount_CursorTXdhYA/lib32/tls/libcrypto.so.1.1", O_RDONLY|O_CLOEXEC) = -1 ENOENT (No such file or directory)
newfstatat(AT_FDCWD, "/tmp/.mount_CursorTXdhYA/lib32/tls", 0x7ffe22713b60, 0) = -1 ENOENT (No such file or directory)
openat(AT_FDCWD, "/tmp/.mount_CursorTXdhYA/lib32/x86_64/x86_64/libcrypto.so.1.1", O_RDONLY|O_CLOEXEC) = -1 ENOENT (No such file or directory)
newfstatat(AT_FDCWD, "/tmp/.mount_CursorTXdhYA/lib32/x86_64/x86_64", 0x7ffe22713b60, 0) = -1 ENOENT (No such file or directory)
openat(AT_FDCWD, "/tmp/.mount_CursorTXdhYA/lib32/x86_64/libcrypto.so.1.1", O_RDONLY|O_CLOEXEC) = -1 ENOENT (No such file or directory)
newfstatat(AT_FDCWD, "/tmp/.mount_CursorTXdhYA/lib32/x86_64", 0x7ffe22713b60, 0) = -1 ENOENT (No such file or directory)
openat(AT_FDCWD, "/tmp/.mount_CursorTXdhYA/lib32/x86_64/libcrypto.so.1.1", O_RDONLY|O_CLOEXEC) = -1 ENOENT (No such file or directory)
newfstatat(AT_FDCWD, "/tmp/.mount_CursorTXdhYA/lib32/x86_64", 0x7ffe22713b60, 0) = -1 ENOENT (No such file or directory)
openat(AT_FDCWD, "/tmp/.mount_CursorTXdhYA/lib32/libcrypto.so.1.1", O_RDONLY|O_CLOEXEC) = -1 ENOENT (No such file or directory)
newfstatat(AT_FDCWD, "/tmp/.mount_CursorTXdhYA/lib32", 0x7ffe22713b60, 0) = -1 ENOENT (No such file or directory)
openat(AT_FDCWD, "/tmp/.mount_CursorTXdhYA/lib64/glibc-hwcaps/x86-64-v3/libcrypto.so.1.1", O_RDONLY|O_CLOEXEC) = -1 ENOENT (No such file or directory)
newfstatat(AT_FDCWD, "/tmp/.mount_CursorTXdhYA/lib64/glibc-hwcaps/x86-64-v3", 0x7ffe22713b60, 0) = -1 ENOENT (No such file or directory)
openat(AT_FDCWD, "/tmp/.mount_CursorTXdhYA/lib64/glibc-hwcaps/x86-64-v2/libcrypto.so.1.1", O_RDONLY|O_CLOEXEC) = -1 ENOENT (No such file or directory)
newfstatat(AT_FDCWD, "/tmp/.mount_CursorTXdhYA/lib64/glibc-hwcaps/x86-64-v2", 0x7ffe22713b60, 0) = -1 ENOENT (No such file or directory)
openat(AT_FDCWD, "/tmp/.mount_CursorTXdhYA/lib64/tls/x86_64/x86_64/libcrypto.so.1.1", O_RDONLY|O_CLOEXEC) = -1 ENOENT (No such file or directory)
newfstatat(AT_FDCWD, "/tmp/.mount_CursorTXdhYA/lib64/tls/x86_64/x86_64", 0x7ffe22713b60, 0) = -1 ENOENT (No such file or directory)
openat(AT_FDCWD, "/tmp/.mount_CursorTXdhYA/lib64/tls/x86_64/libcrypto.so.1.1", O_RDONLY|O_CLOEXEC) = -1 ENOENT (No such file or directory)
newfstatat(AT_FDCWD, "/tmp/.mount_CursorTXdhYA/lib64/tls/x86_64", 0x7ffe22713b60, 0) = -1 ENOENT (No such file or directory)
openat(AT_FDCWD, "/tmp/.mount_CursorTXdhYA/lib64/tls/x86_64/libcrypto.so.1.1", O_RDONLY|O_CLOEXEC) = -1 ENOENT (No such file or directory)
newfstatat(AT_FDCWD, "/tmp/.mount_CursorTXdhYA/lib64/tls/x86_64", 0x7ffe22713b60, 0) = -1 ENOENT (No such file or directory)
openat(AT_FDCWD, "/tmp/.mount_CursorTXdhYA/lib64/tls/libcrypto.so.1.1", O_RDONLY|O_CLOEXEC) = -1 ENOENT (No such file or directory)
newfstatat(AT_FDCWD, "/tmp/.mount_CursorTXdhYA/lib64/tls", 0x7ffe22713b60, 0) = -1 ENOENT (No such file or directory)
openat(AT_FDCWD, "/tmp/.mount_CursorTXdhYA/lib64/x86_64/x86_64/libcrypto.so.1.1", O_RDONLY|O_CLOEXEC) = -1 ENOENT (No such file or directory)
newfstatat(AT_FDCWD, "/tmp/.mount_CursorTXdhYA/lib64/x86_64/x86_64", 0x7ffe22713b60, 0) = -1 ENOENT (No such file or directory)
openat(AT_FDCWD, "/tmp/.mount_CursorTXdhYA/lib64/x86_64/libcrypto.so.1.1", O_RDONLY|O_CLOEXEC) = -1 ENOENT (No such file or directory)
newfstatat(AT_FDCWD, "/tmp/.mount_CursorTXdhYA/lib64/x86_64", 0x7ffe22713b60, 0) = -1 ENOENT (No such file or directory)
openat(AT_FDCWD, "/tmp/.mount_CursorTXdhYA/lib64/x86_64/libcrypto.so.1.1", O_RDONLY|O_CLOEXEC) = -1 ENOENT (No such file or directory)
newfstatat(AT_FDCWD, "/tmp/.mount_CursorTXdhYA/lib64/x86_64", 0x7ffe22713b60, 0) = -1 ENOENT (No such file or directory)
openat(AT_FDCWD, "/tmp/.mount_CursorTXdhYA/lib64/libcrypto.so.1.1", O_RDONLY|O_CLOEXEC) = -1 ENOENT (No such file or directory)
newfstatat(AT_FDCWD, "/tmp/.mount_CursorTXdhYA/lib64", 0x7ffe22713b60, 0) = -1 ENOENT (No such file or directory)
openat(AT_FDCWD, "glibc-hwcaps/x86-64-v3/libcrypto.so.1.1", O_RDONLY|O_CLOEXEC) = -1 ENOENT (No such file or directory)
openat(AT_FDCWD, "glibc-hwcaps/x86-64-v2/libcrypto.so.1.1", O_RDONLY|O_CLOEXEC) = -1 ENOENT (No such file or directory)
openat(AT_FDCWD, "tls/x86_64/x86_64/libcrypto.so.1.1", O_RDONLY|O_CLOEXEC) = -1 ENOENT (No such file or directory)
openat(AT_FDCWD, "tls/x86_64/libcrypto.so.1.1", O_RDONLY|O_CLOEXEC) = -1 ENOENT (No such file or directory)
openat(AT_FDCWD, "tls/x86_64/libcrypto.so.1.1", O_RDONLY|O_CLOEXEC) = -1 ENOENT (No such file or directory)
openat(AT_FDCWD, "tls/libcrypto.so.1.1", O_RDONLY|O_CLOEXEC) = -1 ENOENT (No such file or directory)
openat(AT_FDCWD, "x86_64/x86_64/libcrypto.so.1.1", O_RDONLY|O_CLOEXEC) = -1 ENOENT (No such file or directory)
openat(AT_FDCWD, "x86_64/libcrypto.so.1.1", O_RDONLY|O_CLOEXEC) = -1 ENOENT (No such file or directory)
openat(AT_FDCWD, "x86_64/libcrypto.so.1.1", O_RDONLY|O_CLOEXEC) = -1 ENOENT (No such file or directory)
openat(AT_FDCWD, "libcrypto.so.1.1", O_RDONLY|O_CLOEXEC) = -1 ENOENT (No such file or directory)
openat(AT_FDCWD, "/etc/ld.so.cache", O_RDONLY|O_CLOEXEC) = 3
newfstatat(3, "", {st_mode=S_IFREG|0644, st_size=106055, ...}, AT_EMPTY_PATH) = 0
openat(AT_FDCWD, "/lib/x86_64-linux-gnu/libcrypto.so.1.1", O_RDONLY|O_CLOEXEC) = 3
newfstatat(3, "", {st_mode=S_IFREG|0644, st_size=2917216, ...}, AT_EMPTY_PATH) = 0
openat(AT_FDCWD, "/tmp/.mount_CursorTXdhYA/usr/lib/libc.so.6", O_RDONLY|O_CLOEXEC) = -1 ENOENT (No such file or directory)
openat(AT_FDCWD, "glibc-hwcaps/x86-64-v3/libc.so.6", O_RDONLY|O_CLOEXEC) = -1 ENOENT (No such file or directory)
openat(AT_FDCWD, "glibc-hwcaps/x86-64-v2/libc.so.6", O_RDONLY|O_CLOEXEC) = -1 ENOENT (No such file or directory)
openat(AT_FDCWD, "tls/x86_64/x86_64/libc.so.6", O_RDONLY|O_CLOEXEC) = -1 ENOENT (No such file or directory)
openat(AT_FDCWD, "tls/x86_64/libc.so.6", O_RDONLY|O_CLOEXEC) = -1 ENOENT (No such file or directory)
openat(AT_FDCWD, "tls/x86_64/libc.so.6", O_RDONLY|O_CLOEXEC) = -1 ENOENT (No such file or directory)
openat(AT_FDCWD, "tls/libc.so.6", O_RDONLY|O_CLOEXEC) = -1 ENOENT (No such file or directory)
openat(AT_FDCWD, "x86_64/x86_64/libc.so.6", O_RDONLY|O_CLOEXEC) = -1 ENOENT (No such file or directory)
openat(AT_FDCWD, "x86_64/libc.so.6", O_RDONLY|O_CLOEXEC) = -1 ENOENT (No such file or directory)
openat(AT_FDCWD, "x86_64/libc.so.6", O_RDONLY|O_CLOEXEC) = -1 ENOENT (No such file or directory)
openat(AT_FDCWD, "libc.so.6", O_RDONLY|O_CLOEXEC) = -1 ENOENT (No such file or directory)
openat(AT_FDCWD, "/lib/x86_64-linux-gnu/libc.so.6", O_RDONLY|O_CLOEXEC) = 3
newfstatat(3, "", {st_mode=S_IFREG|0755, st_size=2220400, ...}, AT_EMPTY_PATH) = 0
openat(AT_FDCWD, "/tmp/.mount_CursorTXdhYA/usr/lib/libdl.so.2", O_RDONLY|O_CLOEXEC) = -1 ENOENT (No such file or directory)
openat(AT_FDCWD, "glibc-hwcaps/x86-64-v3/libdl.so.2", O_RDONLY|O_CLOEXEC) = -1 ENOENT (No such file or directory)
openat(AT_FDCWD, "glibc-hwcaps/x86-64-v2/libdl.so.2", O_RDONLY|O_CLOEXEC) = -1 ENOENT (No such file or directory)
openat(AT_FDCWD, "tls/x86_64/x86_64/libdl.so.2", O_RDONLY|O_CLOEXEC) = -1 ENOENT (No such file or directory)
openat(AT_FDCWD, "tls/x86_64/libdl.so.2", O_RDONLY|O_CLOEXEC) = -1 ENOENT (No such file or directory)
openat(AT_FDCWD, "tls/x86_64/libdl.so.2", O_RDONLY|O_CLOEXEC) = -1 ENOENT (No such file or directory)
openat(AT_FDCWD, "tls/libdl.so.2", O_RDONLY|O_CLOEXEC) = -1 ENOENT (No such file or directory)
openat(AT_FDCWD, "x86_64/x86_64/libdl.so.2", O_RDONLY|O_CLOEXEC) = -1 ENOENT (No such file or directory)
openat(AT_FDCWD, "x86_64/libdl.so.2", O_RDONLY|O_CLOEXEC) = -1 ENOENT (No such file or directory)
openat(AT_FDCWD, "x86_64/libdl.so.2", O_RDONLY|O_CLOEXEC) = -1 ENOENT (No such file or directory)
openat(AT_FDCWD, "libdl.so.2", O_RDONLY|O_CLOEXEC) = -1 ENOENT (No such file or directory)
openat(AT_FDCWD, "/lib/x86_64-linux-gnu/libdl.so.2", O_RDONLY|O_CLOEXEC) = 3
newfstatat(3, "", {st_mode=S_IFREG|0644, st_size=14432, ...}, AT_EMPTY_PATH) = 0
openat(AT_FDCWD, "/tmp/.mount_CursorTXdhYA/usr/lib/libpthread.so.0", O_RDONLY|O_CLOEXEC) = -1 ENOENT (No such file or directory)
openat(AT_FDCWD, "glibc-hwcaps/x86-64-v3/libpthread.so.0", O_RDONLY|O_CLOEXEC) = -1 ENOENT (No such file or directory)
openat(AT_FDCWD, "glibc-hwcaps/x86-64-v2/libpthread.so.0", O_RDONLY|O_CLOEXEC) = -1 ENOENT (No such file or directory)
openat(AT_FDCWD, "tls/x86_64/x86_64/libpthread.so.0", O_RDONLY|O_CLOEXEC) = -1 ENOENT (No such file or directory)
openat(AT_FDCWD, "tls/x86_64/libpthread.so.0", O_RDONLY|O_CLOEXEC) = -1 ENOENT (No such file or directory)
openat(AT_FDCWD, "tls/x86_64/libpthread.so.0", O_RDONLY|O_CLOEXEC) = -1 ENOENT (No such file or directory)
openat(AT_FDCWD, "tls/libpthread.so.0", O_RDONLY|O_CLOEXEC) = -1 ENOENT (No such file or directory)
openat(AT_FDCWD, "x86_64/x86_64/libpthread.so.0", O_RDONLY|O_CLOEXEC) = -1 ENOENT (No such file or directory)
openat(AT_FDCWD, "x86_64/libpthread.so.0", O_RDONLY|O_CLOEXEC) = -1 ENOENT (No such file or directory)
openat(AT_FDCWD, "x86_64/libpthread.so.0", O_RDONLY|O_CLOEXEC) = -1 ENOENT (No such file or directory)
openat(AT_FDCWD, "libpthread.so.0", O_RDONLY|O_CLOEXEC) = -1 ENOENT (No such file or directory)
openat(AT_FDCWD, "/lib/x86_64-linux-gnu/libpthread.so.0", O_RDONLY|O_CLOEXEC) = 3
newfstatat(3, "", {st_mode=S_IFREG|0644, st_size=21448, ...}, AT_EMPTY_PATH) = 0
readlink("/proc/self/exe", "/home/anas/Innopolis/advanced-li"..., 4096) = 49
getxattr("/home/anas/Innopolis/advanced-linux/Lab2/hack_app", "user.license", 0x556f45077040, 4096) = -1 ENODATA (No data available)
newfstatat(1, "", {st_mode=S_IFIFO|0600, st_size=0, ...}, AT_EMPTY_PATH) = 0
newfstatat(0, "", {st_mode=S_IFCHR|0620, st_rdev=makedev(0x88, 0x9), ...}, AT_EMPTY_PATH) = 0
strace: Process 232235 attached
[pid 232235] execve("/bin/sh", ["sh", "-c", "read -p 'Press Enter to continue"...], 0x7ffe22714b18 /* 87 vars */) = 0
[pid 232235] access("/etc/ld.so.preload", R_OK) = -1 ENOENT (No such file or directory)
[pid 232235] openat(AT_FDCWD, "/tmp/.mount_CursorTXdhYA/usr/lib/glibc-hwcaps/x86-64-v3/libc.so.6", O_RDONLY|O_CLOEXEC) = -1 ENOENT (No such file or directory)
[pid 232235] newfstatat(AT_FDCWD, "/tmp/.mount_CursorTXdhYA/usr/lib/glibc-hwcaps/x86-64-v3", 0x7ffe0a91ae30, 0) = -1 ENOENT (No such file or directory)
[pid 232235] openat(AT_FDCWD, "/tmp/.mount_CursorTXdhYA/usr/lib/glibc-hwcaps/x86-64-v2/libc.so.6", O_RDONLY|O_CLOEXEC) = -1 ENOENT (No such file or directory)
[pid 232235] newfstatat(AT_FDCWD, "/tmp/.mount_CursorTXdhYA/usr/lib/glibc-hwcaps/x86-64-v2", 0x7ffe0a91ae30, 0) = -1 ENOENT (No such file or directory)
[pid 232235] openat(AT_FDCWD, "/tmp/.mount_CursorTXdhYA/usr/lib/tls/x86_64/x86_64/libc.so.6", O_RDONLY|O_CLOEXEC) = -1 ENOENT (No such file or directory)
[pid 232235] newfstatat(AT_FDCWD, "/tmp/.mount_CursorTXdhYA/usr/lib/tls/x86_64/x86_64", 0x7ffe0a91ae30, 0) = -1 ENOENT (No such file or directory)
[pid 232235] openat(AT_FDCWD, "/tmp/.mount_CursorTXdhYA/usr/lib/tls/x86_64/libc.so.6", O_RDONLY|O_CLOEXEC) = -1 ENOENT (No such file or directory)
[pid 232235] newfstatat(AT_FDCWD, "/tmp/.mount_CursorTXdhYA/usr/lib/tls/x86_64", 0x7ffe0a91ae30, 0) = -1 ENOENT (No such file or directory)
[pid 232235] openat(AT_FDCWD, "/tmp/.mount_CursorTXdhYA/usr/lib/tls/x86_64/libc.so.6", O_RDONLY|O_CLOEXEC) = -1 ENOENT (No such file or directory)
[pid 232235] newfstatat(AT_FDCWD, "/tmp/.mount_CursorTXdhYA/usr/lib/tls/x86_64", 0x7ffe0a91ae30, 0) = -1 ENOENT (No such file or directory)
[pid 232235] openat(AT_FDCWD, "/tmp/.mount_CursorTXdhYA/usr/lib/tls/libc.so.6", O_RDONLY|O_CLOEXEC) = -1 ENOENT (No such file or directory)
[pid 232235] newfstatat(AT_FDCWD, "/tmp/.mount_CursorTXdhYA/usr/lib/tls", 0x7ffe0a91ae30, 0) = -1 ENOENT (No such file or directory)
[pid 232235] openat(AT_FDCWD, "/tmp/.mount_CursorTXdhYA/usr/lib/x86_64/x86_64/libc.so.6", O_RDONLY|O_CLOEXEC) = -1 ENOENT (No such file or directory)
[pid 232235] newfstatat(AT_FDCWD, "/tmp/.mount_CursorTXdhYA/usr/lib/x86_64/x86_64", 0x7ffe0a91ae30, 0) = -1 ENOENT (No such file or directory)
[pid 232235] openat(AT_FDCWD, "/tmp/.mount_CursorTXdhYA/usr/lib/x86_64/libc.so.6", O_RDONLY|O_CLOEXEC) = -1 ENOENT (No such file or directory)
[pid 232235] newfstatat(AT_FDCWD, "/tmp/.mount_CursorTXdhYA/usr/lib/x86_64", 0x7ffe0a91ae30, 0) = -1 ENOENT (No such file or directory)
[pid 232235] openat(AT_FDCWD, "/tmp/.mount_CursorTXdhYA/usr/lib/x86_64/libc.so.6", O_RDONLY|O_CLOEXEC) = -1 ENOENT (No such file or directory)
[pid 232235] newfstatat(AT_FDCWD, "/tmp/.mount_CursorTXdhYA/usr/lib/x86_64", 0x7ffe0a91ae30, 0) = -1 ENOENT (No such file or directory)
[pid 232235] openat(AT_FDCWD, "/tmp/.mount_CursorTXdhYA/usr/lib/libc.so.6", O_RDONLY|O_CLOEXEC) = -1 ENOENT (No such file or directory)
[pid 232235] newfstatat(AT_FDCWD, "/tmp/.mount_CursorTXdhYA/usr/lib", {st_mode=S_IFDIR|0755, st_size=0, ...}, 0) = 0
[pid 232235] openat(AT_FDCWD, "/tmp/.mount_CursorTXdhYA/usr/lib32/glibc-hwcaps/x86-64-v3/libc.so.6", O_RDONLY|O_CLOEXEC) = -1 ENOENT (No such file or directory)
[pid 232235] newfstatat(AT_FDCWD, "/tmp/.mount_CursorTXdhYA/usr/lib32/glibc-hwcaps/x86-64-v3", 0x7ffe0a91ae30, 0) = -1 ENOENT (No such file or directory)
[pid 232235] openat(AT_FDCWD, "/tmp/.mount_CursorTXdhYA/usr/lib32/glibc-hwcaps/x86-64-v2/libc.so.6", O_RDONLY|O_CLOEXEC) = -1 ENOENT (No such file or directory)
[pid 232235] newfstatat(AT_FDCWD, "/tmp/.mount_CursorTXdhYA/usr/lib32/glibc-hwcaps/x86-64-v2", 0x7ffe0a91ae30, 0) = -1 ENOENT (No such file or directory)
[pid 232235] openat(AT_FDCWD, "/tmp/.mount_CursorTXdhYA/usr/lib32/tls/x86_64/x86_64/libc.so.6", O_RDONLY|O_CLOEXEC) = -1 ENOENT (No such file or directory)
[pid 232235] newfstatat(AT_FDCWD, "/tmp/.mount_CursorTXdhYA/usr/lib32/tls/x86_64/x86_64", 0x7ffe0a91ae30, 0) = -1 ENOENT (No such file or directory)
[pid 232235] openat(AT_FDCWD, "/tmp/.mount_CursorTXdhYA/usr/lib32/tls/x86_64/libc.so.6", O_RDONLY|O_CLOEXEC) = -1 ENOENT (No such file or directory)
[pid 232235] newfstatat(AT_FDCWD, "/tmp/.mount_CursorTXdhYA/usr/lib32/tls/x86_64", 0x7ffe0a91ae30, 0) = -1 ENOENT (No such file or directory)
[pid 232235] openat(AT_FDCWD, "/tmp/.mount_CursorTXdhYA/usr/lib32/tls/x86_64/libc.so.6", O_RDONLY|O_CLOEXEC) = -1 ENOENT (No such file or directory)
[pid 232235] newfstatat(AT_FDCWD, "/tmp/.mount_CursorTXdhYA/usr/lib32/tls/x86_64", 0x7ffe0a91ae30, 0) = -1 ENOENT (No such file or directory)
[pid 232235] openat(AT_FDCWD, "/tmp/.mount_CursorTXdhYA/usr/lib32/tls/libc.so.6", O_RDONLY|O_CLOEXEC) = -1 ENOENT (No such file or directory)
[pid 232235] newfstatat(AT_FDCWD, "/tmp/.mount_CursorTXdhYA/usr/lib32/tls", 0x7ffe0a91ae30, 0) = -1 ENOENT (No such file or directory)
[pid 232235] openat(AT_FDCWD, "/tmp/.mount_CursorTXdhYA/usr/lib32/x86_64/x86_64/libc.so.6", O_RDONLY|O_CLOEXEC) = -1 ENOENT (No such file or directory)
[pid 232235] newfstatat(AT_FDCWD, "/tmp/.mount_CursorTXdhYA/usr/lib32/x86_64/x86_64", 0x7ffe0a91ae30, 0) = -1 ENOENT (No such file or directory)
[pid 232235] openat(AT_FDCWD, "/tmp/.mount_CursorTXdhYA/usr/lib32/x86_64/libc.so.6", O_RDONLY|O_CLOEXEC) = -1 ENOENT (No such file or directory)
[pid 232235] newfstatat(AT_FDCWD, "/tmp/.mount_CursorTXdhYA/usr/lib32/x86_64", 0x7ffe0a91ae30, 0) = -1 ENOENT (No such file or directory)
[pid 232235] openat(AT_FDCWD, "/tmp/.mount_CursorTXdhYA/usr/lib32/x86_64/libc.so.6", O_RDONLY|O_CLOEXEC) = -1 ENOENT (No such file or directory)
[pid 232235] newfstatat(AT_FDCWD, "/tmp/.mount_CursorTXdhYA/usr/lib32/x86_64", 0x7ffe0a91ae30, 0) = -1 ENOENT (No such file or directory)
[pid 232235] openat(AT_FDCWD, "/tmp/.mount_CursorTXdhYA/usr/lib32/libc.so.6", O_RDONLY|O_CLOEXEC) = -1 ENOENT (No such file or directory)
[pid 232235] newfstatat(AT_FDCWD, "/tmp/.mount_CursorTXdhYA/usr/lib32", 0x7ffe0a91ae30, 0) = -1 ENOENT (No such file or directory)
[pid 232235] openat(AT_FDCWD, "/tmp/.mount_CursorTXdhYA/usr/lib64/glibc-hwcaps/x86-64-v3/libc.so.6", O_RDONLY|O_CLOEXEC) = -1 ENOENT (No such file or directory)
[pid 232235] newfstatat(AT_FDCWD, "/tmp/.mount_CursorTXdhYA/usr/lib64/glibc-hwcaps/x86-64-v3", 0x7ffe0a91ae30, 0) = -1 ENOENT (No such file or directory)
[pid 232235] openat(AT_FDCWD, "/tmp/.mount_CursorTXdhYA/usr/lib64/glibc-hwcaps/x86-64-v2/libc.so.6", O_RDONLY|O_CLOEXEC) = -1 ENOENT (No such file or directory)
[pid 232235] newfstatat(AT_FDCWD, "/tmp/.mount_CursorTXdhYA/usr/lib64/glibc-hwcaps/x86-64-v2", 0x7ffe0a91ae30, 0) = -1 ENOENT (No such file or directory)
[pid 232235] openat(AT_FDCWD, "/tmp/.mount_CursorTXdhYA/usr/lib64/tls/x86_64/x86_64/libc.so.6", O_RDONLY|O_CLOEXEC) = -1 ENOENT (No such file or directory)
[pid 232235] newfstatat(AT_FDCWD, "/tmp/.mount_CursorTXdhYA/usr/lib64/tls/x86_64/x86_64", 0x7ffe0a91ae30, 0) = -1 ENOENT (No such file or directory)
[pid 232235] openat(AT_FDCWD, "/tmp/.mount_CursorTXdhYA/usr/lib64/tls/x86_64/libc.so.6", O_RDONLY|O_CLOEXEC) = -1 ENOENT (No such file or directory)
[pid 232235] newfstatat(AT_FDCWD, "/tmp/.mount_CursorTXdhYA/usr/lib64/tls/x86_64", 0x7ffe0a91ae30, 0) = -1 ENOENT (No such file or directory)
[pid 232235] openat(AT_FDCWD, "/tmp/.mount_CursorTXdhYA/usr/lib64/tls/x86_64/libc.so.6", O_RDONLY|O_CLOEXEC) = -1 ENOENT (No such file or directory)
[pid 232235] newfstatat(AT_FDCWD, "/tmp/.mount_CursorTXdhYA/usr/lib64/tls/x86_64", 0x7ffe0a91ae30, 0) = -1 ENOENT (No such file or directory)
[pid 232235] openat(AT_FDCWD, "/tmp/.mount_CursorTXdhYA/usr/lib64/tls/libc.so.6", O_RDONLY|O_CLOEXEC) = -1 ENOENT (No such file or directory)
[pid 232235] newfstatat(AT_FDCWD, "/tmp/.mount_CursorTXdhYA/usr/lib64/tls", 0x7ffe0a91ae30, 0) = -1 ENOENT (No such file or directory)
[pid 232235] openat(AT_FDCWD, "/tmp/.mount_CursorTXdhYA/usr/lib64/x86_64/x86_64/libc.so.6", O_RDONLY|O_CLOEXEC) = -1 ENOENT (No such file or directory)
[pid 232235] newfstatat(AT_FDCWD, "/tmp/.mount_CursorTXdhYA/usr/lib64/x86_64/x86_64", 0x7ffe0a91ae30, 0) = -1 ENOENT (No such file or directory)
[pid 232235] openat(AT_FDCWD, "/tmp/.mount_CursorTXdhYA/usr/lib64/x86_64/libc.so.6", O_RDONLY|O_CLOEXEC) = -1 ENOENT (No such file or directory)
[pid 232235] newfstatat(AT_FDCWD, "/tmp/.mount_CursorTXdhYA/usr/lib64/x86_64", 0x7ffe0a91ae30, 0) = -1 ENOENT (No such file or directory)
[pid 232235] openat(AT_FDCWD, "/tmp/.mount_CursorTXdhYA/usr/lib64/x86_64/libc.so.6", O_RDONLY|O_CLOEXEC) = -1 ENOENT (No such file or directory)
[pid 232235] newfstatat(AT_FDCWD, "/tmp/.mount_CursorTXdhYA/usr/lib64/x86_64", 0x7ffe0a91ae30, 0) = -1 ENOENT (No such file or directory)
[pid 232235] openat(AT_FDCWD, "/tmp/.mount_CursorTXdhYA/usr/lib64/libc.so.6", O_RDONLY|O_CLOEXEC) = -1 ENOENT (No such file or directory)
[pid 232235] newfstatat(AT_FDCWD, "/tmp/.mount_CursorTXdhYA/usr/lib64", 0x7ffe0a91ae30, 0) = -1 ENOENT (No such file or directory)
[pid 232235] openat(AT_FDCWD, "/tmp/.mount_CursorTXdhYA/lib/glibc-hwcaps/x86-64-v3/libc.so.6", O_RDONLY|O_CLOEXEC) = -1 ENOENT (No such file or directory)
[pid 232235] newfstatat(AT_FDCWD, "/tmp/.mount_CursorTXdhYA/lib/glibc-hwcaps/x86-64-v3", 0x7ffe0a91ae30, 0) = -1 ENOENT (No such file or directory)
[pid 232235] openat(AT_FDCWD, "/tmp/.mount_CursorTXdhYA/lib/glibc-hwcaps/x86-64-v2/libc.so.6", O_RDONLY|O_CLOEXEC) = -1 ENOENT (No such file or directory)
[pid 232235] newfstatat(AT_FDCWD, "/tmp/.mount_CursorTXdhYA/lib/glibc-hwcaps/x86-64-v2", 0x7ffe0a91ae30, 0) = -1 ENOENT (No such file or directory)
[pid 232235] openat(AT_FDCWD, "/tmp/.mount_CursorTXdhYA/lib/tls/x86_64/x86_64/libc.so.6", O_RDONLY|O_CLOEXEC) = -1 ENOENT (No such file or directory)
[pid 232235] newfstatat(AT_FDCWD, "/tmp/.mount_CursorTXdhYA/lib/tls/x86_64/x86_64", 0x7ffe0a91ae30, 0) = -1 ENOENT (No such file or directory)
[pid 232235] openat(AT_FDCWD, "/tmp/.mount_CursorTXdhYA/lib/tls/x86_64/libc.so.6", O_RDONLY|O_CLOEXEC) = -1 ENOENT (No such file or directory)
[pid 232235] newfstatat(AT_FDCWD, "/tmp/.mount_CursorTXdhYA/lib/tls/x86_64", 0x7ffe0a91ae30, 0) = -1 ENOENT (No such file or directory)
[pid 232235] openat(AT_FDCWD, "/tmp/.mount_CursorTXdhYA/lib/tls/x86_64/libc.so.6", O_RDONLY|O_CLOEXEC) = -1 ENOENT (No such file or directory)
[pid 232235] newfstatat(AT_FDCWD, "/tmp/.mount_CursorTXdhYA/lib/tls/x86_64", 0x7ffe0a91ae30, 0) = -1 ENOENT (No such file or directory)
[pid 232235] openat(AT_FDCWD, "/tmp/.mount_CursorTXdhYA/lib/tls/libc.so.6", O_RDONLY|O_CLOEXEC) = -1 ENOENT (No such file or directory)
[pid 232235] newfstatat(AT_FDCWD, "/tmp/.mount_CursorTXdhYA/lib/tls", 0x7ffe0a91ae30, 0) = -1 ENOENT (No such file or directory)
[pid 232235] openat(AT_FDCWD, "/tmp/.mount_CursorTXdhYA/lib/x86_64/x86_64/libc.so.6", O_RDONLY|O_CLOEXEC) = -1 ENOENT (No such file or directory)
[pid 232235] newfstatat(AT_FDCWD, "/tmp/.mount_CursorTXdhYA/lib/x86_64/x86_64", 0x7ffe0a91ae30, 0) = -1 ENOENT (No such file or directory)
[pid 232235] openat(AT_FDCWD, "/tmp/.mount_CursorTXdhYA/lib/x86_64/libc.so.6", O_RDONLY|O_CLOEXEC) = -1 ENOENT (No such file or directory)
[pid 232235] newfstatat(AT_FDCWD, "/tmp/.mount_CursorTXdhYA/lib/x86_64", 0x7ffe0a91ae30, 0) = -1 ENOENT (No such file or directory)
[pid 232235] openat(AT_FDCWD, "/tmp/.mount_CursorTXdhYA/lib/x86_64/libc.so.6", O_RDONLY|O_CLOEXEC) = -1 ENOENT (No such file or directory)
[pid 232235] newfstatat(AT_FDCWD, "/tmp/.mount_CursorTXdhYA/lib/x86_64", 0x7ffe0a91ae30, 0) = -1 ENOENT (No such file or directory)
[pid 232235] openat(AT_FDCWD, "/tmp/.mount_CursorTXdhYA/lib/libc.so.6", O_RDONLY|O_CLOEXEC) = -1 ENOENT (No such file or directory)
[pid 232235] newfstatat(AT_FDCWD, "/tmp/.mount_CursorTXdhYA/lib", 0x7ffe0a91ae30, 0) = -1 ENOENT (No such file or directory)
[pid 232235] openat(AT_FDCWD, "/tmp/.mount_CursorTXdhYA/lib/i386-linux-gnu/glibc-hwcaps/x86-64-v3/libc.so.6", O_RDONLY|O_CLOEXEC) = -1 ENOENT (No such file or directory)
[pid 232235] newfstatat(AT_FDCWD, "/tmp/.mount_CursorTXdhYA/lib/i386-linux-gnu/glibc-hwcaps/x86-64-v3", 0x7ffe0a91ae30, 0) = -1 ENOENT (No such file or directory)
[pid 232235] openat(AT_FDCWD, "/tmp/.mount_CursorTXdhYA/lib/i386-linux-gnu/glibc-hwcaps/x86-64-v2/libc.so.6", O_RDONLY|O_CLOEXEC) = -1 ENOENT (No such file or directory)
[pid 232235] newfstatat(AT_FDCWD, "/tmp/.mount_CursorTXdhYA/lib/i386-linux-gnu/glibc-hwcaps/x86-64-v2", 0x7ffe0a91ae30, 0) = -1 ENOENT (No such file or directory)
[pid 232235] openat(AT_FDCWD, "/tmp/.mount_CursorTXdhYA/lib/i386-linux-gnu/tls/x86_64/x86_64/libc.so.6", O_RDONLY|O_CLOEXEC) = -1 ENOENT (No such file or directory)
[pid 232235] newfstatat(AT_FDCWD, "/tmp/.mount_CursorTXdhYA/lib/i386-linux-gnu/tls/x86_64/x86_64", 0x7ffe0a91ae30, 0) = -1 ENOENT (No such file or directory)
[pid 232235] openat(AT_FDCWD, "/tmp/.mount_CursorTXdhYA/lib/i386-linux-gnu/tls/x86_64/libc.so.6", O_RDONLY|O_CLOEXEC) = -1 ENOENT (No such file or directory)
[pid 232235] newfstatat(AT_FDCWD, "/tmp/.mount_CursorTXdhYA/lib/i386-linux-gnu/tls/x86_64", 0x7ffe0a91ae30, 0) = -1 ENOENT (No such file or directory)
[pid 232235] openat(AT_FDCWD, "/tmp/.mount_CursorTXdhYA/lib/i386-linux-gnu/tls/x86_64/libc.so.6", O_RDONLY|O_CLOEXEC) = -1 ENOENT (No such file or directory)
[pid 232235] newfstatat(AT_FDCWD, "/tmp/.mount_CursorTXdhYA/lib/i386-linux-gnu/tls/x86_64", 0x7ffe0a91ae30, 0) = -1 ENOENT (No such file or directory)
[pid 232235] openat(AT_FDCWD, "/tmp/.mount_CursorTXdhYA/lib/i386-linux-gnu/tls/libc.so.6", O_RDONLY|O_CLOEXEC) = -1 ENOENT (No such file or directory)
[pid 232235] newfstatat(AT_FDCWD, "/tmp/.mount_CursorTXdhYA/lib/i386-linux-gnu/tls", 0x7ffe0a91ae30, 0) = -1 ENOENT (No such file or directory)
[pid 232235] openat(AT_FDCWD, "/tmp/.mount_CursorTXdhYA/lib/i386-linux-gnu/x86_64/x86_64/libc.so.6", O_RDONLY|O_CLOEXEC) = -1 ENOENT (No such file or directory)
[pid 232235] newfstatat(AT_FDCWD, "/tmp/.mount_CursorTXdhYA/lib/i386-linux-gnu/x86_64/x86_64", 0x7ffe0a91ae30, 0) = -1 ENOENT (No such file or directory)
[pid 232235] openat(AT_FDCWD, "/tmp/.mount_CursorTXdhYA/lib/i386-linux-gnu/x86_64/libc.so.6", O_RDONLY|O_CLOEXEC) = -1 ENOENT (No such file or directory)
[pid 232235] newfstatat(AT_FDCWD, "/tmp/.mount_CursorTXdhYA/lib/i386-linux-gnu/x86_64", 0x7ffe0a91ae30, 0) = -1 ENOENT (No such file or directory)
[pid 232235] openat(AT_FDCWD, "/tmp/.mount_CursorTXdhYA/lib/i386-linux-gnu/x86_64/libc.so.6", O_RDONLY|O_CLOEXEC) = -1 ENOENT (No such file or directory)
[pid 232235] newfstatat(AT_FDCWD, "/tmp/.mount_CursorTXdhYA/lib/i386-linux-gnu/x86_64", 0x7ffe0a91ae30, 0) = -1 ENOENT (No such file or directory)
[pid 232235] openat(AT_FDCWD, "/tmp/.mount_CursorTXdhYA/lib/i386-linux-gnu/libc.so.6", O_RDONLY|O_CLOEXEC) = -1 ENOENT (No such file or directory)
[pid 232235] newfstatat(AT_FDCWD, "/tmp/.mount_CursorTXdhYA/lib/i386-linux-gnu", 0x7ffe0a91ae30, 0) = -1 ENOENT (No such file or directory)
[pid 232235] openat(AT_FDCWD, "/tmp/.mount_CursorTXdhYA/lib/x86_64-linux-gnu/glibc-hwcaps/x86-64-v3/libc.so.6", O_RDONLY|O_CLOEXEC) = -1 ENOENT (No such file or directory)
[pid 232235] newfstatat(AT_FDCWD, "/tmp/.mount_CursorTXdhYA/lib/x86_64-linux-gnu/glibc-hwcaps/x86-64-v3", 0x7ffe0a91ae30, 0) = -1 ENOENT (No such file or directory)
[pid 232235] openat(AT_FDCWD, "/tmp/.mount_CursorTXdhYA/lib/x86_64-linux-gnu/glibc-hwcaps/x86-64-v2/libc.so.6", O_RDONLY|O_CLOEXEC) = -1 ENOENT (No such file or directory)
[pid 232235] newfstatat(AT_FDCWD, "/tmp/.mount_CursorTXdhYA/lib/x86_64-linux-gnu/glibc-hwcaps/x86-64-v2", 0x7ffe0a91ae30, 0) = -1 ENOENT (No such file or directory)
[pid 232235] openat(AT_FDCWD, "/tmp/.mount_CursorTXdhYA/lib/x86_64-linux-gnu/tls/x86_64/x86_64/libc.so.6", O_RDONLY|O_CLOEXEC) = -1 ENOENT (No such file or directory)
[pid 232235] newfstatat(AT_FDCWD, "/tmp/.mount_CursorTXdhYA/lib/x86_64-linux-gnu/tls/x86_64/x86_64", 0x7ffe0a91ae30, 0) = -1 ENOENT (No such file or directory)
[pid 232235] openat(AT_FDCWD, "/tmp/.mount_CursorTXdhYA/lib/x86_64-linux-gnu/tls/x86_64/libc.so.6", O_RDONLY|O_CLOEXEC) = -1 ENOENT (No such file or directory)
[pid 232235] newfstatat(AT_FDCWD, "/tmp/.mount_CursorTXdhYA/lib/x86_64-linux-gnu/tls/x86_64", 0x7ffe0a91ae30, 0) = -1 ENOENT (No such file or directory)
[pid 232235] openat(AT_FDCWD, "/tmp/.mount_CursorTXdhYA/lib/x86_64-linux-gnu/tls/x86_64/libc.so.6", O_RDONLY|O_CLOEXEC) = -1 ENOENT (No such file or directory)
[pid 232235] newfstatat(AT_FDCWD, "/tmp/.mount_CursorTXdhYA/lib/x86_64-linux-gnu/tls/x86_64", 0x7ffe0a91ae30, 0) = -1 ENOENT (No such file or directory)
[pid 232235] openat(AT_FDCWD, "/tmp/.mount_CursorTXdhYA/lib/x86_64-linux-gnu/tls/libc.so.6", O_RDONLY|O_CLOEXEC) = -1 ENOENT (No such file or directory)
[pid 232235] newfstatat(AT_FDCWD, "/tmp/.mount_CursorTXdhYA/lib/x86_64-linux-gnu/tls", 0x7ffe0a91ae30, 0) = -1 ENOENT (No such file or directory)
[pid 232235] openat(AT_FDCWD, "/tmp/.mount_CursorTXdhYA/lib/x86_64-linux-gnu/x86_64/x86_64/libc.so.6", O_RDONLY|O_CLOEXEC) = -1 ENOENT (No such file or directory)
[pid 232235] newfstatat(AT_FDCWD, "/tmp/.mount_CursorTXdhYA/lib/x86_64-linux-gnu/x86_64/x86_64", 0x7ffe0a91ae30, 0) = -1 ENOENT (No such file or directory)
[pid 232235] openat(AT_FDCWD, "/tmp/.mount_CursorTXdhYA/lib/x86_64-linux-gnu/x86_64/libc.so.6", O_RDONLY|O_CLOEXEC) = -1 ENOENT (No such file or directory)
[pid 232235] newfstatat(AT_FDCWD, "/tmp/.mount_CursorTXdhYA/lib/x86_64-linux-gnu/x86_64", 0x7ffe0a91ae30, 0) = -1 ENOENT (No such file or directory)
[pid 232235] openat(AT_FDCWD, "/tmp/.mount_CursorTXdhYA/lib/x86_64-linux-gnu/x86_64/libc.so.6", O_RDONLY|O_CLOEXEC) = -1 ENOENT (No such file or directory)
[pid 232235] newfstatat(AT_FDCWD, "/tmp/.mount_CursorTXdhYA/lib/x86_64-linux-gnu/x86_64", 0x7ffe0a91ae30, 0) = -1 ENOENT (No such file or directory)
[pid 232235] openat(AT_FDCWD, "/tmp/.mount_CursorTXdhYA/lib/x86_64-linux-gnu/libc.so.6", O_RDONLY|O_CLOEXEC) = -1 ENOENT (No such file or directory)
[pid 232235] newfstatat(AT_FDCWD, "/tmp/.mount_CursorTXdhYA/lib/x86_64-linux-gnu", 0x7ffe0a91ae30, 0) = -1 ENOENT (No such file or directory)
[pid 232235] openat(AT_FDCWD, "/tmp/.mount_CursorTXdhYA/lib/aarch64-linux-gnu/glibc-hwcaps/x86-64-v3/libc.so.6", O_RDONLY|O_CLOEXEC) = -1 ENOENT (No such file or directory)
[pid 232235] newfstatat(AT_FDCWD, "/tmp/.mount_CursorTXdhYA/lib/aarch64-linux-gnu/glibc-hwcaps/x86-64-v3", 0x7ffe0a91ae30, 0) = -1 ENOENT (No such file or directory)
[pid 232235] openat(AT_FDCWD, "/tmp/.mount_CursorTXdhYA/lib/aarch64-linux-gnu/glibc-hwcaps/x86-64-v2/libc.so.6", O_RDONLY|O_CLOEXEC) = -1 ENOENT (No such file or directory)
[pid 232235] newfstatat(AT_FDCWD, "/tmp/.mount_CursorTXdhYA/lib/aarch64-linux-gnu/glibc-hwcaps/x86-64-v2", 0x7ffe0a91ae30, 0) = -1 ENOENT (No such file or directory)
[pid 232235] openat(AT_FDCWD, "/tmp/.mount_CursorTXdhYA/lib/aarch64-linux-gnu/tls/x86_64/x86_64/libc.so.6", O_RDONLY|O_CLOEXEC) = -1 ENOENT (No such file or directory)
[pid 232235] newfstatat(AT_FDCWD, "/tmp/.mount_CursorTXdhYA/lib/aarch64-linux-gnu/tls/x86_64/x86_64", 0x7ffe0a91ae30, 0) = -1 ENOENT (No such file or directory)
[pid 232235] openat(AT_FDCWD, "/tmp/.mount_CursorTXdhYA/lib/aarch64-linux-gnu/tls/x86_64/libc.so.6", O_RDONLY|O_CLOEXEC) = -1 ENOENT (No such file or directory)
[pid 232235] newfstatat(AT_FDCWD, "/tmp/.mount_CursorTXdhYA/lib/aarch64-linux-gnu/tls/x86_64", 0x7ffe0a91ae30, 0) = -1 ENOENT (No such file or directory)
[pid 232235] openat(AT_FDCWD, "/tmp/.mount_CursorTXdhYA/lib/aarch64-linux-gnu/tls/x86_64/libc.so.6", O_RDONLY|O_CLOEXEC) = -1 ENOENT (No such file or directory)
[pid 232235] newfstatat(AT_FDCWD, "/tmp/.mount_CursorTXdhYA/lib/aarch64-linux-gnu/tls/x86_64", 0x7ffe0a91ae30, 0) = -1 ENOENT (No such file or directory)
[pid 232235] openat(AT_FDCWD, "/tmp/.mount_CursorTXdhYA/lib/aarch64-linux-gnu/tls/libc.so.6", O_RDONLY|O_CLOEXEC) = -1 ENOENT (No such file or directory)
[pid 232235] newfstatat(AT_FDCWD, "/tmp/.mount_CursorTXdhYA/lib/aarch64-linux-gnu/tls", 0x7ffe0a91ae30, 0) = -1 ENOENT (No such file or directory)
[pid 232235] openat(AT_FDCWD, "/tmp/.mount_CursorTXdhYA/lib/aarch64-linux-gnu/x86_64/x86_64/libc.so.6", O_RDONLY|O_CLOEXEC) = -1 ENOENT (No such file or directory)
[pid 232235] newfstatat(AT_FDCWD, "/tmp/.mount_CursorTXdhYA/lib/aarch64-linux-gnu/x86_64/x86_64", 0x7ffe0a91ae30, 0) = -1 ENOENT (No such file or directory)
[pid 232235] openat(AT_FDCWD, "/tmp/.mount_CursorTXdhYA/lib/aarch64-linux-gnu/x86_64/libc.so.6", O_RDONLY|O_CLOEXEC) = -1 ENOENT (No such file or directory)
[pid 232235] newfstatat(AT_FDCWD, "/tmp/.mount_CursorTXdhYA/lib/aarch64-linux-gnu/x86_64", 0x7ffe0a91ae30, 0) = -1 ENOENT (No such file or directory)
[pid 232235] openat(AT_FDCWD, "/tmp/.mount_CursorTXdhYA/lib/aarch64-linux-gnu/x86_64/libc.so.6", O_RDONLY|O_CLOEXEC) = -1 ENOENT (No such file or directory)
[pid 232235] newfstatat(AT_FDCWD, "/tmp/.mount_CursorTXdhYA/lib/aarch64-linux-gnu/x86_64", 0x7ffe0a91ae30, 0) = -1 ENOENT (No such file or directory)
[pid 232235] openat(AT_FDCWD, "/tmp/.mount_CursorTXdhYA/lib/aarch64-linux-gnu/libc.so.6", O_RDONLY|O_CLOEXEC) = -1 ENOENT (No such file or directory)
[pid 232235] newfstatat(AT_FDCWD, "/tmp/.mount_CursorTXdhYA/lib/aarch64-linux-gnu", 0x7ffe0a91ae30, 0) = -1 ENOENT (No such file or directory)
[pid 232235] openat(AT_FDCWD, "/tmp/.mount_CursorTXdhYA/lib32/glibc-hwcaps/x86-64-v3/libc.so.6", O_RDONLY|O_CLOEXEC) = -1 ENOENT (No such file or directory)
[pid 232235] newfstatat(AT_FDCWD, "/tmp/.mount_CursorTXdhYA/lib32/glibc-hwcaps/x86-64-v3", 0x7ffe0a91ae30, 0) = -1 ENOENT (No such file or directory)
[pid 232235] openat(AT_FDCWD, "/tmp/.mount_CursorTXdhYA/lib32/glibc-hwcaps/x86-64-v2/libc.so.6", O_RDONLY|O_CLOEXEC) = -1 ENOENT (No such file or directory)
[pid 232235] newfstatat(AT_FDCWD, "/tmp/.mount_CursorTXdhYA/lib32/glibc-hwcaps/x86-64-v2", 0x7ffe0a91ae30, 0) = -1 ENOENT (No such file or directory)
[pid 232235] openat(AT_FDCWD, "/tmp/.mount_CursorTXdhYA/lib32/tls/x86_64/x86_64/libc.so.6", O_RDONLY|O_CLOEXEC) = -1 ENOENT (No such file or directory)
[pid 232235] newfstatat(AT_FDCWD, "/tmp/.mount_CursorTXdhYA/lib32/tls/x86_64/x86_64", 0x7ffe0a91ae30, 0) = -1 ENOENT (No such file or directory)
[pid 232235] openat(AT_FDCWD, "/tmp/.mount_CursorTXdhYA/lib32/tls/x86_64/libc.so.6", O_RDONLY|O_CLOEXEC) = -1 ENOENT (No such file or directory)
[pid 232235] newfstatat(AT_FDCWD, "/tmp/.mount_CursorTXdhYA/lib32/tls/x86_64", 0x7ffe0a91ae30, 0) = -1 ENOENT (No such file or directory)
[pid 232235] openat(AT_FDCWD, "/tmp/.mount_CursorTXdhYA/lib32/tls/x86_64/libc.so.6", O_RDONLY|O_CLOEXEC) = -1 ENOENT (No such file or directory)
[pid 232235] newfstatat(AT_FDCWD, "/tmp/.mount_CursorTXdhYA/lib32/tls/x86_64", 0x7ffe0a91ae30, 0) = -1 ENOENT (No such file or directory)
[pid 232235] openat(AT_FDCWD, "/tmp/.mount_CursorTXdhYA/lib32/tls/libc.so.6", O_RDONLY|O_CLOEXEC) = -1 ENOENT (No such file or directory)
[pid 232235] newfstatat(AT_FDCWD, "/tmp/.mount_CursorTXdhYA/lib32/tls", 0x7ffe0a91ae30, 0) = -1 ENOENT (No such file or directory)
[pid 232235] openat(AT_FDCWD, "/tmp/.mount_CursorTXdhYA/lib32/x86_64/x86_64/libc.so.6", O_RDONLY|O_CLOEXEC) = -1 ENOENT (No such file or directory)
[pid 232235] newfstatat(AT_FDCWD, "/tmp/.mount_CursorTXdhYA/lib32/x86_64/x86_64", 0x7ffe0a91ae30, 0) = -1 ENOENT (No such file or directory)
[pid 232235] openat(AT_FDCWD, "/tmp/.mount_CursorTXdhYA/lib32/x86_64/libc.so.6", O_RDONLY|O_CLOEXEC) = -1 ENOENT (No such file or directory)
[pid 232235] newfstatat(AT_FDCWD, "/tmp/.mount_CursorTXdhYA/lib32/x86_64", 0x7ffe0a91ae30, 0) = -1 ENOENT (No such file or directory)
[pid 232235] openat(AT_FDCWD, "/tmp/.mount_CursorTXdhYA/lib32/x86_64/libc.so.6", O_RDONLY|O_CLOEXEC) = -1 ENOENT (No such file or directory)
[pid 232235] newfstatat(AT_FDCWD, "/tmp/.mount_CursorTXdhYA/lib32/x86_64", 0x7ffe0a91ae30, 0) = -1 ENOENT (No such file or directory)
[pid 232235] openat(AT_FDCWD, "/tmp/.mount_CursorTXdhYA/lib32/libc.so.6", O_RDONLY|O_CLOEXEC) = -1 ENOENT (No such file or directory)
[pid 232235] newfstatat(AT_FDCWD, "/tmp/.mount_CursorTXdhYA/lib32", 0x7ffe0a91ae30, 0) = -1 ENOENT (No such file or directory)
[pid 232235] openat(AT_FDCWD, "/tmp/.mount_CursorTXdhYA/lib64/glibc-hwcaps/x86-64-v3/libc.so.6", O_RDONLY|O_CLOEXEC) = -1 ENOENT (No such file or directory)
[pid 232235] newfstatat(AT_FDCWD, "/tmp/.mount_CursorTXdhYA/lib64/glibc-hwcaps/x86-64-v3", 0x7ffe0a91ae30, 0) = -1 ENOENT (No such file or directory)
[pid 232235] openat(AT_FDCWD, "/tmp/.mount_CursorTXdhYA/lib64/glibc-hwcaps/x86-64-v2/libc.so.6", O_RDONLY|O_CLOEXEC) = -1 ENOENT (No such file or directory)
[pid 232235] newfstatat(AT_FDCWD, "/tmp/.mount_CursorTXdhYA/lib64/glibc-hwcaps/x86-64-v2", 0x7ffe0a91ae30, 0) = -1 ENOENT (No such file or directory)
[pid 232235] openat(AT_FDCWD, "/tmp/.mount_CursorTXdhYA/lib64/tls/x86_64/x86_64/libc.so.6", O_RDONLY|O_CLOEXEC) = -1 ENOENT (No such file or directory)
[pid 232235] newfstatat(AT_FDCWD, "/tmp/.mount_CursorTXdhYA/lib64/tls/x86_64/x86_64", 0x7ffe0a91ae30, 0) = -1 ENOENT (No such file or directory)
[pid 232235] openat(AT_FDCWD, "/tmp/.mount_CursorTXdhYA/lib64/tls/x86_64/libc.so.6", O_RDONLY|O_CLOEXEC) = -1 ENOENT (No such file or directory)
[pid 232235] newfstatat(AT_FDCWD, "/tmp/.mount_CursorTXdhYA/lib64/tls/x86_64", 0x7ffe0a91ae30, 0) = -1 ENOENT (No such file or directory)
[pid 232235] openat(AT_FDCWD, "/tmp/.mount_CursorTXdhYA/lib64/tls/x86_64/libc.so.6", O_RDONLY|O_CLOEXEC) = -1 ENOENT (No such file or directory)
[pid 232235] newfstatat(AT_FDCWD, "/tmp/.mount_CursorTXdhYA/lib64/tls/x86_64", 0x7ffe0a91ae30, 0) = -1 ENOENT (No such file or directory)
[pid 232235] openat(AT_FDCWD, "/tmp/.mount_CursorTXdhYA/lib64/tls/libc.so.6", O_RDONLY|O_CLOEXEC) = -1 ENOENT (No such file or directory)
[pid 232235] newfstatat(AT_FDCWD, "/tmp/.mount_CursorTXdhYA/lib64/tls", 0x7ffe0a91ae30, 0) = -1 ENOENT (No such file or directory)
[pid 232235] openat(AT_FDCWD, "/tmp/.mount_CursorTXdhYA/lib64/x86_64/x86_64/libc.so.6", O_RDONLY|O_CLOEXEC) = -1 ENOENT (No such file or directory)
[pid 232235] newfstatat(AT_FDCWD, "/tmp/.mount_CursorTXdhYA/lib64/x86_64/x86_64", 0x7ffe0a91ae30, 0) = -1 ENOENT (No such file or directory)
[pid 232235] openat(AT_FDCWD, "/tmp/.mount_CursorTXdhYA/lib64/x86_64/libc.so.6", O_RDONLY|O_CLOEXEC) = -1 ENOENT (No such file or directory)
[pid 232235] newfstatat(AT_FDCWD, "/tmp/.mount_CursorTXdhYA/lib64/x86_64", 0x7ffe0a91ae30, 0) = -1 ENOENT (No such file or directory)
[pid 232235] openat(AT_FDCWD, "/tmp/.mount_CursorTXdhYA/lib64/x86_64/libc.so.6", O_RDONLY|O_CLOEXEC) = -1 ENOENT (No such file or directory)
[pid 232235] newfstatat(AT_FDCWD, "/tmp/.mount_CursorTXdhYA/lib64/x86_64", 0x7ffe0a91ae30, 0) = -1 ENOENT (No such file or directory)
[pid 232235] openat(AT_FDCWD, "/tmp/.mount_CursorTXdhYA/lib64/libc.so.6", O_RDONLY|O_CLOEXEC) = -1 ENOENT (No such file or directory)
[pid 232235] newfstatat(AT_FDCWD, "/tmp/.mount_CursorTXdhYA/lib64", 0x7ffe0a91ae30, 0) = -1 ENOENT (No such file or directory)
[pid 232235] openat(AT_FDCWD, "glibc-hwcaps/x86-64-v3/libc.so.6", O_RDONLY|O_CLOEXEC) = -1 ENOENT (No such file or directory)
[pid 232235] openat(AT_FDCWD, "glibc-hwcaps/x86-64-v2/libc.so.6", O_RDONLY|O_CLOEXEC) = -1 ENOENT (No such file or directory)
[pid 232235] openat(AT_FDCWD, "tls/x86_64/x86_64/libc.so.6", O_RDONLY|O_CLOEXEC) = -1 ENOENT (No such file or directory)
[pid 232235] openat(AT_FDCWD, "tls/x86_64/libc.so.6", O_RDONLY|O_CLOEXEC) = -1 ENOENT (No such file or directory)
[pid 232235] openat(AT_FDCWD, "tls/x86_64/libc.so.6", O_RDONLY|O_CLOEXEC) = -1 ENOENT (No such file or directory)
[pid 232235] openat(AT_FDCWD, "tls/libc.so.6", O_RDONLY|O_CLOEXEC) = -1 ENOENT (No such file or directory)
[pid 232235] openat(AT_FDCWD, "x86_64/x86_64/libc.so.6", O_RDONLY|O_CLOEXEC) = -1 ENOENT (No such file or directory)
[pid 232235] openat(AT_FDCWD, "x86_64/libc.so.6", O_RDONLY|O_CLOEXEC) = -1 ENOENT (No such file or directory)
[pid 232235] openat(AT_FDCWD, "x86_64/libc.so.6", O_RDONLY|O_CLOEXEC) = -1 ENOENT (No such file or directory)
[pid 232235] openat(AT_FDCWD, "libc.so.6", O_RDONLY|O_CLOEXEC) = -1 ENOENT (No such file or directory)
[pid 232235] openat(AT_FDCWD, "/etc/ld.so.cache", O_RDONLY|O_CLOEXEC) = 3
[pid 232235] newfstatat(3, "", {st_mode=S_IFREG|0644, st_size=106055, ...}, AT_EMPTY_PATH) = 0
[pid 232235] openat(AT_FDCWD, "/lib/x86_64-linux-gnu/libc.so.6", O_RDONLY|O_CLOEXEC) = 3
[pid 232235] newfstatat(3, "", {st_mode=S_IFREG|0755, st_size=2220400, ...}, AT_EMPTY_PATH) = 0
[pid 232235] newfstatat(AT_FDCWD, "/home/anas/Innopolis/advanced-linux/Lab2", {st_mode=S_IFDIR|0775, st_size=4096, ...}, 0) = 0
[pid 232235] newfstatat(AT_FDCWD, ".", {st_mode=S_IFDIR|0775, st_size=4096, ...}, 0) = 0
Press Enter to continue...[pid 232235] +++ exited with 0 +++
--- SIGCHLD {si_signo=SIGCHLD, si_code=CLD_EXITED, si_pid=232235, si_uid=1000, si_status=0, si_utime=0, si_stime=0} ---
Welcome to Lab2 super secure program!
Your HWID is 000FA500FFFB8B17.
Enter the license key: Provided key is wrong! App is closing!
+++ exited with 0 +++
